SF:lib\providers\my_app_state.dart
DA:14,0
DA:15,0
DA:16,0
DA:21,0
DA:22,0
DA:23,0
DA:25,0
DA:27,0
DA:30,1
DA:33,1
DA:35,2
DA:37,3
DA:38,1
DA:40,2
DA:41,3
DA:44,2
DA:46,1
DA:47,3
DA:49,0
DA:52,1
LF:20
LH:11
end_of_record
SF:lib\providers\moviematch.dart
DA:14,0
DA:16,0
DA:18,0
DA:20,0
DA:21,0
DA:22,0
DA:24,0
DA:25,0
DA:29,0
DA:31,0
DA:32,0
DA:33,0
DA:35,0
LF:13
LH:0
end_of_record
SF:lib\views\generator_page.dart
DA:9,1
DA:11,1
DA:12,1
DA:15,2
DA:21,1
DA:22,1
DA:24,1
DA:25,1
DA:26,0
DA:27,1
DA:28,1
DA:29,0
DA:30,1
DA:31,1
DA:33,1
DA:34,0
DA:35,0
DA:36,0
DA:38,2
DA:41,1
DA:42,1
DA:43,1
LF:22
LH:17
end_of_record
SF:lib\generated\moviematch.pb.dart
DA:19,0
DA:23,0
DA:25,0
DA:28,0
DA:32,0
DA:33,0
DA:34,0
DA:36,0
DA:37,0
DA:38,0
DA:39,0
DA:42,0
DA:46,0
DA:47,0
DA:51,0
DA:53,0
DA:55,0
DA:56,0
DA:57,0
DA:58,0
DA:59,0
DA:60,0
DA:63,0
DA:64,0
DA:65,0
DA:66,0
DA:67,0
DA:68,0
DA:69,0
DA:70,0
DA:72,0
DA:73,0
DA:74,0
DA:75,0
DA:76,0
DA:77,0
DA:78,0
DA:79,0
LF:38
LH:0
end_of_record
SF:lib\generated\moviematch.pbgrpc.dart
DA:24,0
DA:26,0
DA:27,0
DA:29,0
DA:32,0
DA:35,0
DA:36,0
DA:42,0
DA:44,0
DA:45,0
DA:47,0
DA:50,0
DA:51,0
LF:13
LH:0
end_of_record
SF:lib\widgets\big_card.dart
DA:5,1
DA:12,1
DA:14,1
DA:15,3
DA:16,2
DA:19,1
DA:20,2
DA:22,1
DA:24,1
DA:25,2
DA:27,5
LF:11
LH:11
end_of_record
SF:lib\widgets\swipeable_cards.dart
DA:25,1
DA:28,1
DA:30,1
DA:32,1
DA:33,1
DA:36,0
DA:37,0
DA:38,0
DA:41,0
DA:43,0
DA:45,0
DA:48,0
LF:12
LH:5
end_of_record
